17:59:53 **** Build of configuration Debug for project lwip_tcpecho_freertos ****
make -r -j4 all 
Building file: ../lwip/src/netif/etharp.c
Building file: ../lwip/src/netif/ethernetif.c
Building file: ../lwip/src/core/ipv4/autoip.c
Building file: ../lwip/src/core/ipv4/icmp.c
Invoking: MCU C Compiler
arm-none-eabi-gcc -D__REDLIB__ -DDEBUG -D__CODE_RED -D__USE_LPCOPEN -DCORE_M3 -I"/home/parichey/Documents/MCUXpresso_10.3.0_2200/workspace/lpc_chip_175x_6x/inc" -I"/home/parichey/Documents/MCUXpresso_10.3.0_2200/workspace/lpc_board_nxp_lpcxpresso_1769/inc" -I"/home/parichey/Documents/MCUXpresso_10.3.0_2200/workspace/lwip_tcpecho_freertos/example/inc" -I"/home/parichey/Documents/MCUXpresso_10.3.0_2200/workspace/lwip_tcpecho_freertos/lwip/inc" -I"/home/parichey/Documents/MCUXpresso_10.3.0_2200/workspace/lwip_tcpecho_freertos/lwip/inc/ipv4" -I"/home/parichey/Documents/MCUXpresso_10.3.0_2200/workspace/lwip_tcpecho_freertos/freertos/inc" -O0 -g3 -Wall -c -fmessage-length=0 -fno-builtin -ffunction-sections -fdata-sections -mcpu=cortex-m3 -mthumb -specs=redlib.specs -MMD -MP -MF"lwip/src/netif/ethernetif.d" -MT"lwip/src/netif/ethernetif.o" -MT"lwip/src/netif/ethernetif.d" -o "lwip/src/netif/ethernetif.o" "../lwip/src/netif/ethernetif.c"
Invoking: MCU C Compiler
Invoking: MCU C Compiler
arm-none-eabi-gcc -D__REDLIB__ -DDEBUG -D__CODE_RED -D__USE_LPCOPEN -DCORE_M3 -I"/home/parichey/Documents/MCUXpresso_10.3.0_2200/workspace/lpc_chip_175x_6x/inc" -I"/home/parichey/Documents/MCUXpresso_10.3.0_2200/workspace/lpc_board_nxp_lpcxpresso_1769/inc" -I"/home/parichey/Documents/MCUXpresso_10.3.0_2200/workspace/lwip_tcpecho_freertos/example/inc" -I"/home/parichey/Documents/MCUXpresso_10.3.0_2200/workspace/lwip_tcpecho_freertos/lwip/inc" -I"/home/parichey/Documents/MCUXpresso_10.3.0_2200/workspace/lwip_tcpecho_freertos/lwip/inc/ipv4" -I"/home/parichey/Documents/MCUXpresso_10.3.0_2200/workspace/lwip_tcpecho_freertos/freertos/inc" -O0 -g3 -Wall -c -fmessage-length=0 -fno-builtin -ffunction-sections -fdata-sections -mcpu=cortex-m3 -mthumb -specs=redlib.specs -MMD -MP -MF"lwip/src/core/ipv4/autoip.d" -MT"lwip/src/core/ipv4/autoip.o" -MT"lwip/src/core/ipv4/autoip.d" -o "lwip/src/core/ipv4/autoip.o" "../lwip/src/core/ipv4/autoip.c"
arm-none-eabi-gcc -D__REDLIB__ -DDEBUG -D__CODE_RED -D__USE_LPCOPEN -DCORE_M3 -I"/home/parichey/Documents/MCUXpresso_10.3.0_2200/workspace/lpc_chip_175x_6x/inc" -I"/home/parichey/Documents/MCUXpresso_10.3.0_2200/workspace/lpc_board_nxp_lpcxpresso_1769/inc" -I"/home/parichey/Documents/MCUXpresso_10.3.0_2200/workspace/lwip_tcpecho_freertos/example/inc" -I"/home/parichey/Documents/MCUXpresso_10.3.0_2200/workspace/lwip_tcpecho_freertos/lwip/inc" -I"/home/parichey/Documents/MCUXpresso_10.3.0_2200/workspace/lwip_tcpecho_freertos/lwip/inc/ipv4" -I"/home/parichey/Documents/MCUXpresso_10.3.0_2200/workspace/lwip_tcpecho_freertos/freertos/inc" -O0 -g3 -Wall -c -fmessage-length=0 -fno-builtin -ffunction-sections -fdata-sections -mcpu=cortex-m3 -mthumb -specs=redlib.specs -MMD -MP -MF"lwip/src/netif/etharp.d" -MT"lwip/src/netif/etharp.o" -MT"lwip/src/netif/etharp.d" -o "lwip/src/netif/etharp.o" "../lwip/src/netif/etharp.c"
Invoking: MCU C Compiler
arm-none-eabi-gcc -D__REDLIB__ -DDEBUG -D__CODE_RED -D__USE_LPCOPEN -DCORE_M3 -I"/home/parichey/Documents/MCUXpresso_10.3.0_2200/workspace/lpc_chip_175x_6x/inc" -I"/home/parichey/Documents/MCUXpresso_10.3.0_2200/workspace/lpc_board_nxp_lpcxpresso_1769/inc" -I"/home/parichey/Documents/MCUXpresso_10.3.0_2200/workspace/lwip_tcpecho_freertos/example/inc" -I"/home/parichey/Documents/MCUXpresso_10.3.0_2200/workspace/lwip_tcpecho_freertos/lwip/inc" -I"/home/parichey/Documents/MCUXpresso_10.3.0_2200/workspace/lwip_tcpecho_freertos/lwip/inc/ipv4" -I"/home/parichey/Documents/MCUXpresso_10.3.0_2200/workspace/lwip_tcpecho_freertos/freertos/inc" -O0 -g3 -Wall -c -fmessage-length=0 -fno-builtin -ffunction-sections -fdata-sections -mcpu=cortex-m3 -mthumb -specs=redlib.specs -MMD -MP -MF"lwip/src/core/ipv4/icmp.d" -MT"lwip/src/core/ipv4/icmp.o" -MT"lwip/src/core/ipv4/icmp.d" -o "lwip/src/core/ipv4/icmp.o" "../lwip/src/core/ipv4/icmp.c"
Finished building: ../lwip/src/core/ipv4/autoip.c
 
Building file: ../lwip/src/core/ipv4/igmp.c
Invoking: MCU C Compiler
arm-none-eabi-gcc -D__REDLIB__ -DDEBUG -D__CODE_RED -D__USE_LPCOPEN -DCORE_M3 -I"/home/parichey/Documents/MCUXpresso_10.3.0_2200/workspace/lpc_chip_175x_6x/inc" -I"/home/parichey/Documents/MCUXpresso_10.3.0_2200/workspace/lpc_board_nxp_lpcxpresso_1769/inc" -I"/home/parichey/Documents/MCUXpresso_10.3.0_2200/workspace/lwip_tcpecho_freertos/example/inc" -I"/home/parichey/Documents/MCUXpresso_10.3.0_2200/workspace/lwip_tcpecho_freertos/lwip/inc" -I"/home/parichey/Documents/MCUXpresso_10.3.0_2200/workspace/lwip_tcpecho_freertos/lwip/inc/ipv4" -I"/home/parichey/Documents/MCUXpresso_10.3.0_2200/workspace/lwip_tcpecho_freertos/freertos/inc" -O0 -g3 -Wall -c -fmessage-length=0 -fno-builtin -ffunction-sections -fdata-sections -mcpu=cortex-m3 -mthumb -specs=redlib.specs -MMD -MP -MF"lwip/src/core/ipv4/igmp.d" -MT"lwip/src/core/ipv4/igmp.o" -MT"lwip/src/core/ipv4/igmp.d" -o "lwip/src/core/ipv4/igmp.o" "../lwip/src/core/ipv4/igmp.c"
Finished building: ../lwip/src/netif/ethernetif.c
 
Building file: ../lwip/src/core/ipv4/inet.c
Invoking: MCU C Compiler
arm-none-eabi-gcc -D__REDLIB__ -DDEBUG -D__CODE_RED -D__USE_LPCOPEN -DCORE_M3 -I"/home/parichey/Documents/MCUXpresso_10.3.0_2200/workspace/lpc_chip_175x_6x/inc" -I"/home/parichey/Documents/MCUXpresso_10.3.0_2200/workspace/lpc_board_nxp_lpcxpresso_1769/inc" -I"/home/parichey/Documents/MCUXpresso_10.3.0_2200/workspace/lwip_tcpecho_freertos/example/inc" -I"/home/parichey/Documents/MCUXpresso_10.3.0_2200/workspace/lwip_tcpecho_freertos/lwip/inc" -I"/home/parichey/Documents/MCUXpresso_10.3.0_2200/workspace/lwip_tcpecho_freertos/lwip/inc/ipv4" -I"/home/parichey/Documents/MCUXpresso_10.3.0_2200/workspace/lwip_tcpecho_freertos/freertos/inc" -O0 -g3 -Wall -c -fmessage-length=0 -fno-builtin -ffunction-sections -fdata-sections -mcpu=cortex-m3 -mthumb -specs=redlib.specs -MMD -MP -MF"lwip/src/core/ipv4/inet.d" -MT"lwip/src/core/ipv4/inet.o" -MT"lwip/src/core/ipv4/inet.d" -o "lwip/src/core/ipv4/inet.o" "../lwip/src/core/ipv4/inet.c"
Finished building: ../lwip/src/core/ipv4/icmp.c
 
Building file: ../lwip/src/core/ipv4/inet_chksum.c
Invoking: MCU C Compiler
arm-none-eabi-gcc -D__REDLIB__ -DDEBUG -D__CODE_RED -D__USE_LPCOPEN -DCORE_M3 -I"/home/parichey/Documents/MCUXpresso_10.3.0_2200/workspace/lpc_chip_175x_6x/inc" -I"/home/parichey/Documents/MCUXpresso_10.3.0_2200/workspace/lpc_board_nxp_lpcxpresso_1769/inc" -I"/home/parichey/Documents/MCUXpresso_10.3.0_2200/workspace/lwip_tcpecho_freertos/example/inc" -I"/home/parichey/Documents/MCUXpresso_10.3.0_2200/workspace/lwip_tcpecho_freertos/lwip/inc" -I"/home/parichey/Documents/MCUXpresso_10.3.0_2200/workspace/lwip_tcpecho_freertos/lwip/inc/ipv4" -I"/home/parichey/Documents/MCUXpresso_10.3.0_2200/workspace/lwip_tcpecho_freertos/freertos/inc" -O0 -g3 -Wall -c -fmessage-length=0 -fno-builtin -ffunction-sections -fdata-sections -mcpu=cortex-m3 -mthumb -specs=redlib.specs -MMD -MP -MF"lwip/src/core/ipv4/inet_chksum.d" -MT"lwip/src/core/ipv4/inet_chksum.o" -MT"lwip/src/core/ipv4/inet_chksum.d" -o "lwip/src/core/ipv4/inet_chksum.o" "../lwip/src/core/ipv4/inet_chksum.c"
Finished building: ../lwip/src/core/ipv4/igmp.c
 
Building file: ../lwip/src/core/ipv4/ip.c
Invoking: MCU C Compiler
arm-none-eabi-gcc -D__REDLIB__ -DDEBUG -D__CODE_RED -D__USE_LPCOPEN -DCORE_M3 -I"/home/parichey/Documents/MCUXpresso_10.3.0_2200/workspace/lpc_chip_175x_6x/inc" -I"/home/parichey/Documents/MCUXpresso_10.3.0_2200/workspace/lpc_board_nxp_lpcxpresso_1769/inc" -I"/home/parichey/Documents/MCUXpresso_10.3.0_2200/workspace/lwip_tcpecho_freertos/example/inc" -I"/home/parichey/Documents/MCUXpresso_10.3.0_2200/workspace/lwip_tcpecho_freertos/lwip/inc" -I"/home/parichey/Documents/MCUXpresso_10.3.0_2200/workspace/lwip_tcpecho_freertos/lwip/inc/ipv4" -I"/home/parichey/Documents/MCUXpresso_10.3.0_2200/workspace/lwip_tcpecho_freertos/freertos/inc" -O0 -g3 -Wall -c -fmessage-length=0 -fno-builtin -ffunction-sections -fdata-sections -mcpu=cortex-m3 -mthumb -specs=redlib.specs -MMD -MP -MF"lwip/src/core/ipv4/ip.d" -MT"lwip/src/core/ipv4/ip.o" -MT"lwip/src/core/ipv4/ip.d" -o "lwip/src/core/ipv4/ip.o" "../lwip/src/core/ipv4/ip.c"
Finished building: ../lwip/src/netif/etharp.c
 
Building file: ../lwip/src/core/ipv4/ip_addr.c
Invoking: MCU C Compiler
arm-none-eabi-gcc -D__REDLIB__ -DDEBUG -D__CODE_RED -D__USE_LPCOPEN -DCORE_M3 -I"/home/parichey/Documents/MCUXpresso_10.3.0_2200/workspace/lpc_chip_175x_6x/inc" -I"/home/parichey/Documents/MCUXpresso_10.3.0_2200/workspace/lpc_board_nxp_lpcxpresso_1769/inc" -I"/home/parichey/Documents/MCUXpresso_10.3.0_2200/workspace/lwip_tcpecho_freertos/example/inc" -I"/home/parichey/Documents/MCUXpresso_10.3.0_2200/workspace/lwip_tcpecho_freertos/lwip/inc" -I"/home/parichey/Documents/MCUXpresso_10.3.0_2200/workspace/lwip_tcpecho_freertos/lwip/inc/ipv4" -I"/home/parichey/Documents/MCUXpresso_10.3.0_2200/workspace/lwip_tcpecho_freertos/freertos/inc" -O0 -g3 -Wall -c -fmessage-length=0 -fno-builtin -ffunction-sections -fdata-sections -mcpu=cortex-m3 -mthumb -specs=redlib.specs -MMD -MP -MF"lwip/src/core/ipv4/ip_addr.d" -MT"lwip/src/core/ipv4/ip_addr.o" -MT"lwip/src/core/ipv4/ip_addr.d" -o "lwip/src/core/ipv4/ip_addr.o" "../lwip/src/core/ipv4/ip_addr.c"
Finished building: ../lwip/src/core/ipv4/inet.c
 
Building file: ../lwip/src/core/ipv4/ip_frag.c
Finished building: ../lwip/src/core/ipv4/inet_chksum.c
Invoking: MCU C Compiler
arm-none-eabi-gcc -D__REDLIB__ -DDEBUG -D__CODE_RED -D__USE_LPCOPEN -DCORE_M3 -I"/home/parichey/Documents/MCUXpresso_10.3.0_2200/workspace/lpc_chip_175x_6x/inc" -I"/home/parichey/Documents/MCUXpresso_10.3.0_2200/workspace/lpc_board_nxp_lpcxpresso_1769/inc" -I"/home/parichey/Documents/MCUXpresso_10.3.0_2200/workspace/lwip_tcpecho_freertos/example/inc" -I"/home/parichey/Documents/MCUXpresso_10.3.0_2200/workspace/lwip_tcpecho_freertos/lwip/inc" -I"/home/parichey/Documents/MCUXpresso_10.3.0_2200/workspace/lwip_tcpecho_freertos/lwip/inc/ipv4" -I"/home/parichey/Documents/MCUXpresso_10.3.0_2200/workspace/lwip_tcpecho_freertos/freertos/inc" -O0 -g3 -Wall -c -fmessage-length=0 -fno-builtin -ffunction-sections -fdata-sections -mcpu=cortex-m3 -mthumb -specs=redlib.specs -MMD -MP -MF"lwip/src/core/ipv4/ip_frag.d" -MT"lwip/src/core/ipv4/ip_frag.o" -MT"lwip/src/core/ipv4/ip_frag.d" -o "lwip/src/core/ipv4/ip_frag.o" "../lwip/src/core/ipv4/ip_frag.c"
 
Building file: ../lwip/src/core/def.c
Invoking: MCU C Compiler
arm-none-eabi-gcc -D__REDLIB__ -DDEBUG -D__CODE_RED -D__USE_LPCOPEN -DCORE_M3 -I"/home/parichey/Documents/MCUXpresso_10.3.0_2200/workspace/lpc_chip_175x_6x/inc" -I"/home/parichey/Documents/MCUXpresso_10.3.0_2200/workspace/lpc_board_nxp_lpcxpresso_1769/inc" -I"/home/parichey/Documents/MCUXpresso_10.3.0_2200/workspace/lwip_tcpecho_freertos/example/inc" -I"/home/parichey/Documents/MCUXpresso_10.3.0_2200/workspace/lwip_tcpecho_freertos/lwip/inc" -I"/home/parichey/Documents/MCUXpresso_10.3.0_2200/workspace/lwip_tcpecho_freertos/lwip/inc/ipv4" -I"/home/parichey/Documents/MCUXpresso_10.3.0_2200/workspace/lwip_tcpecho_freertos/freertos/inc" -O0 -g3 -Wall -c -fmessage-length=0 -fno-builtin -ffunction-sections -fdata-sections -mcpu=cortex-m3 -mthumb -specs=redlib.specs -MMD -MP -MF"lwip/src/core/def.d" -MT"lwip/src/core/def.o" -MT"lwip/src/core/def.d" -o "lwip/src/core/def.o" "../lwip/src/core/def.c"
Finished building: ../lwip/src/core/ipv4/ip.c
 
Building file: ../lwip/src/core/dhcp.c
Invoking: MCU C Compiler
arm-none-eabi-gcc -D__REDLIB__ -DDEBUG -D__CODE_RED -D__USE_LPCOPEN -DCORE_M3 -I"/home/parichey/Documents/MCUXpresso_10.3.0_2200/workspace/lpc_chip_175x_6x/inc" -I"/home/parichey/Documents/MCUXpresso_10.3.0_2200/workspace/lpc_board_nxp_lpcxpresso_1769/inc" -I"/home/parichey/Documents/MCUXpresso_10.3.0_2200/workspace/lwip_tcpecho_freertos/example/inc" -I"/home/parichey/Documents/MCUXpresso_10.3.0_2200/workspace/lwip_tcpecho_freertos/lwip/inc" -I"/home/parichey/Documents/MCUXpresso_10.3.0_2200/workspace/lwip_tcpecho_freertos/lwip/inc/ipv4" -I"/home/parichey/Documents/MCUXpresso_10.3.0_2200/workspace/lwip_tcpecho_freertos/freertos/inc" -O0 -g3 -Wall -c -fmessage-length=0 -fno-builtin -ffunction-sections -fdata-sections -mcpu=cortex-m3 -mthumb -specs=redlib.specs -MMD -MP -MF"lwip/src/core/dhcp.d" -MT"lwip/src/core/dhcp.o" -MT"lwip/src/core/dhcp.d" -o "lwip/src/core/dhcp.o" "../lwip/src/core/dhcp.c"
Finished building: ../lwip/src/core/def.c
 
Building file: ../lwip/src/core/dns.c
Invoking: MCU C Compiler
arm-none-eabi-gcc -D__REDLIB__ -DDEBUG -D__CODE_RED -D__USE_LPCOPEN -DCORE_M3 -I"/home/parichey/Documents/MCUXpresso_10.3.0_2200/workspace/lpc_chip_175x_6x/inc" -I"/home/parichey/Documents/MCUXpresso_10.3.0_2200/workspace/lpc_board_nxp_lpcxpresso_1769/inc" -I"/home/parichey/Documents/MCUXpresso_10.3.0_2200/workspace/lwip_tcpecho_freertos/example/inc" -I"/home/parichey/Documents/MCUXpresso_10.3.0_2200/workspace/lwip_tcpecho_freertos/lwip/inc" -I"/home/parichey/Documents/MCUXpresso_10.3.0_2200/workspace/lwip_tcpecho_freertos/lwip/inc/ipv4" -I"/home/parichey/Documents/MCUXpresso_10.3.0_2200/workspace/lwip_tcpecho_freertos/freertos/inc" -O0 -g3 -Wall -c -fmessage-length=0 -fno-builtin -ffunction-sections -fdata-sections -mcpu=cortex-m3 -mthumb -specs=redlib.specs -MMD -MP -MF"lwip/src/core/dns.d" -MT"lwip/src/core/dns.o" -MT"lwip/src/core/dns.d" -o "lwip/src/core/dns.o" "../lwip/src/core/dns.c"
Finished building: ../lwip/src/core/ipv4/ip_addr.c
 
Building file: ../lwip/src/core/init.c
Invoking: MCU C Compiler
arm-none-eabi-gcc -D__REDLIB__ -DDEBUG -D__CODE_RED -D__USE_LPCOPEN -DCORE_M3 -I"/home/parichey/Documents/MCUXpresso_10.3.0_2200/workspace/lpc_chip_175x_6x/inc" -I"/home/parichey/Documents/MCUXpresso_10.3.0_2200/workspace/lpc_board_nxp_lpcxpresso_1769/inc" -I"/home/parichey/Documents/MCUXpresso_10.3.0_2200/workspace/lwip_tcpecho_freertos/example/inc" -I"/home/parichey/Documents/MCUXpresso_10.3.0_2200/workspace/lwip_tcpecho_freertos/lwip/inc" -I"/home/parichey/Documents/MCUXpresso_10.3.0_2200/workspace/lwip_tcpecho_freertos/lwip/inc/ipv4" -I"/home/parichey/Documents/MCUXpresso_10.3.0_2200/workspace/lwip_tcpecho_freertos/freertos/inc" -O0 -g3 -Wall -c -fmessage-length=0 -fno-builtin -ffunction-sections -fdata-sections -mcpu=cortex-m3 -mthumb -specs=redlib.specs -MMD -MP -MF"lwip/src/core/init.d" -MT"lwip/src/core/init.o" -MT"lwip/src/core/init.d" -o "lwip/src/core/init.o" "../lwip/src/core/init.c"
Finished building: ../lwip/src/core/ipv4/ip_frag.c
 
Building file: ../lwip/src/core/mem.c
Invoking: MCU C Compiler
arm-none-eabi-gcc -D__REDLIB__ -DDEBUG -D__CODE_RED -D__USE_LPCOPEN -DCORE_M3 -I"/home/parichey/Documents/MCUXpresso_10.3.0_2200/workspace/lpc_chip_175x_6x/inc" -I"/home/parichey/Documents/MCUXpresso_10.3.0_2200/workspace/lpc_board_nxp_lpcxpresso_1769/inc" -I"/home/parichey/Documents/MCUXpresso_10.3.0_2200/workspace/lwip_tcpecho_freertos/example/inc" -I"/home/parichey/Documents/MCUXpresso_10.3.0_2200/workspace/lwip_tcpecho_freertos/lwip/inc" -I"/home/parichey/Documents/MCUXpresso_10.3.0_2200/workspace/lwip_tcpecho_freertos/lwip/inc/ipv4" -I"/home/parichey/Documents/MCUXpresso_10.3.0_2200/workspace/lwip_tcpecho_freertos/freertos/inc" -O0 -g3 -Wall -c -fmessage-length=0 -fno-builtin -ffunction-sections -fdata-sections -mcpu=cortex-m3 -mthumb -specs=redlib.specs -MMD -MP -MF"lwip/src/core/mem.d" -MT"lwip/src/core/mem.o" -MT"lwip/src/core/mem.d" -o "lwip/src/core/mem.o" "../lwip/src/core/mem.c"
Finished building: ../lwip/src/core/dns.c
 
Building file: ../lwip/src/core/memp.c
Invoking: MCU C Compiler
arm-none-eabi-gcc -D__REDLIB__ -DDEBUG -D__CODE_RED -D__USE_LPCOPEN -DCORE_M3 -I"/home/parichey/Documents/MCUXpresso_10.3.0_2200/workspace/lpc_chip_175x_6x/inc" -I"/home/parichey/Documents/MCUXpresso_10.3.0_2200/workspace/lpc_board_nxp_lpcxpresso_1769/inc" -I"/home/parichey/Documents/MCUXpresso_10.3.0_2200/workspace/lwip_tcpecho_freertos/example/inc" -I"/home/parichey/Documents/MCUXpresso_10.3.0_2200/workspace/lwip_tcpecho_freertos/lwip/inc" -I"/home/parichey/Documents/MCUXpresso_10.3.0_2200/workspace/lwip_tcpecho_freertos/lwip/inc/ipv4" -I"/home/parichey/Documents/MCUXpresso_10.3.0_2200/workspace/lwip_tcpecho_freertos/freertos/inc" -O0 -g3 -Wall -c -fmessage-length=0 -fno-builtin -ffunction-sections -fdata-sections -mcpu=cortex-m3 -mthumb -specs=redlib.specs -MMD -MP -MF"lwip/src/core/memp.d" -MT"lwip/src/core/memp.o" -MT"lwip/src/core/memp.d" -o "lwip/src/core/memp.o" "../lwip/src/core/memp.c"
Finished building: ../lwip/src/core/mem.c
 
Building file: ../lwip/src/core/netif.c
Invoking: MCU C Compiler
arm-none-eabi-gcc -D__REDLIB__ -DDEBUG -D__CODE_RED -D__USE_LPCOPEN -DCORE_M3 -I"/home/parichey/Documents/MCUXpresso_10.3.0_2200/workspace/lpc_chip_175x_6x/inc" -I"/home/parichey/Documents/MCUXpresso_10.3.0_2200/workspace/lpc_board_nxp_lpcxpresso_1769/inc" -I"/home/parichey/Documents/MCUXpresso_10.3.0_2200/workspace/lwip_tcpecho_freertos/example/inc" -I"/home/parichey/Documents/MCUXpresso_10.3.0_2200/workspace/lwip_tcpecho_freertos/lwip/inc" -I"/home/parichey/Documents/MCUXpresso_10.3.0_2200/workspace/lwip_tcpecho_freertos/lwip/inc/ipv4" -I"/home/parichey/Documents/MCUXpresso_10.3.0_2200/workspace/lwip_tcpecho_freertos/freertos/inc" -O0 -g3 -Wall -c -fmessage-length=0 -fno-builtin -ffunction-sections -fdata-sections -mcpu=cortex-m3 -mthumb -specs=redlib.specs -MMD -MP -MF"lwip/src/core/netif.d" -MT"lwip/src/core/netif.o" -MT"lwip/src/core/netif.d" -o "lwip/src/core/netif.o" "../lwip/src/core/netif.c"
Finished building: ../lwip/src/core/netif.c
 
Building file: ../lwip/src/core/pbuf.c
Invoking: MCU C Compiler
arm-none-eabi-gcc -D__REDLIB__ -DDEBUG -D__CODE_RED -D__USE_LPCOPEN -DCORE_M3 -I"/home/parichey/Documents/MCUXpresso_10.3.0_2200/workspace/lpc_chip_175x_6x/inc" -I"/home/parichey/Documents/MCUXpresso_10.3.0_2200/workspace/lpc_board_nxp_lpcxpresso_1769/inc" -I"/home/parichey/Documents/MCUXpresso_10.3.0_2200/workspace/lwip_tcpecho_freertos/example/inc" -I"/home/parichey/Documents/MCUXpresso_10.3.0_2200/workspace/lwip_tcpecho_freertos/lwip/inc" -I"/home/parichey/Documents/MCUXpresso_10.3.0_2200/workspace/lwip_tcpecho_freertos/lwip/inc/ipv4" -I"/home/parichey/Documents/MCUXpresso_10.3.0_2200/workspace/lwip_tcpecho_freertos/freertos/inc" -O0 -g3 -Wall -c -fmessage-length=0 -fno-builtin -ffunction-sections -fdata-sections -mcpu=cortex-m3 -mthumb -specs=redlib.specs -MMD -MP -MF"lwip/src/core/pbuf.d" -MT"lwip/src/core/pbuf.o" -MT"lwip/src/core/pbuf.d" -o "lwip/src/core/pbuf.o" "../lwip/src/core/pbuf.c"
Finished building: ../lwip/src/core/dhcp.c
 
Building file: ../lwip/src/core/raw.c
Invoking: MCU C Compiler
arm-none-eabi-gcc -D__REDLIB__ -DDEBUG -D__CODE_RED -D__USE_LPCOPEN -DCORE_M3 -I"/home/parichey/Documents/MCUXpresso_10.3.0_2200/workspace/lpc_chip_175x_6x/inc" -I"/home/parichey/Documents/MCUXpresso_10.3.0_2200/workspace/lpc_board_nxp_lpcxpresso_1769/inc" -I"/home/parichey/Documents/MCUXpresso_10.3.0_2200/workspace/lwip_tcpecho_freertos/example/inc" -I"/home/parichey/Documents/MCUXpresso_10.3.0_2200/workspace/lwip_tcpecho_freertos/lwip/inc" -I"/home/parichey/Documents/MCUXpresso_10.3.0_2200/workspace/lwip_tcpecho_freertos/lwip/inc/ipv4" -I"/home/parichey/Documents/MCUXpresso_10.3.0_2200/workspace/lwip_tcpecho_freertos/freertos/inc" -O0 -g3 -Wall -c -fmessage-length=0 -fno-builtin -ffunction-sections -fdata-sections -mcpu=cortex-m3 -mthumb -specs=redlib.specs -MMD -MP -MF"lwip/src/core/raw.d" -MT"lwip/src/core/raw.o" -MT"lwip/src/core/raw.d" -o "lwip/src/core/raw.o" "../lwip/src/core/raw.c"
Finished building: ../lwip/src/core/memp.c
 
Building file: ../lwip/src/core/stats.c
Invoking: MCU C Compiler
arm-none-eabi-gcc -D__REDLIB__ -DDEBUG -D__CODE_RED -D__USE_LPCOPEN -DCORE_M3 -I"/home/parichey/Documents/MCUXpresso_10.3.0_2200/workspace/lpc_chip_175x_6x/inc" -I"/home/parichey/Documents/MCUXpresso_10.3.0_2200/workspace/lpc_board_nxp_lpcxpresso_1769/inc" -I"/home/parichey/Documents/MCUXpresso_10.3.0_2200/workspace/lwip_tcpecho_freertos/example/inc" -I"/home/parichey/Documents/MCUXpresso_10.3.0_2200/workspace/lwip_tcpecho_freertos/lwip/inc" -I"/home/parichey/Documents/MCUXpresso_10.3.0_2200/workspace/lwip_tcpecho_freertos/lwip/inc/ipv4" -I"/home/parichey/Documents/MCUXpresso_10.3.0_2200/workspace/lwip_tcpecho_freertos/freertos/inc" -O0 -g3 -Wall -c -fmessage-length=0 -fno-builtin -ffunction-sections -fdata-sections -mcpu=cortex-m3 -mthumb -specs=redlib.specs -MMD -MP -MF"lwip/src/core/stats.d" -MT"lwip/src/core/stats.o" -MT"lwip/src/core/stats.d" -o "lwip/src/core/stats.o" "../lwip/src/core/stats.c"
Finished building: ../lwip/src/core/raw.c
 
Building file: ../lwip/src/core/sys.c
Invoking: MCU C Compiler
arm-none-eabi-gcc -D__REDLIB__ -DDEBUG -D__CODE_RED -D__USE_LPCOPEN -DCORE_M3 -I"/home/parichey/Documents/MCUXpresso_10.3.0_2200/workspace/lpc_chip_175x_6x/inc" -I"/home/parichey/Documents/MCUXpresso_10.3.0_2200/workspace/lpc_board_nxp_lpcxpresso_1769/inc" -I"/home/parichey/Documents/MCUXpresso_10.3.0_2200/workspace/lwip_tcpecho_freertos/example/inc" -I"/home/parichey/Documents/MCUXpresso_10.3.0_2200/workspace/lwip_tcpecho_freertos/lwip/inc" -I"/home/parichey/Documents/MCUXpresso_10.3.0_2200/workspace/lwip_tcpecho_freertos/lwip/inc/ipv4" -I"/home/parichey/Documents/MCUXpresso_10.3.0_2200/workspace/lwip_tcpecho_freertos/freertos/inc" -O0 -g3 -Wall -c -fmessage-length=0 -fno-builtin -ffunction-sections -fdata-sections -mcpu=cortex-m3 -mthumb -specs=redlib.specs -MMD -MP -MF"lwip/src/core/sys.d" -MT"lwip/src/core/sys.o" -MT"lwip/src/core/sys.d" -o "lwip/src/core/sys.o" "../lwip/src/core/sys.c"
Finished building: ../lwip/src/core/init.c
Finished building: ../lwip/src/core/stats.c
 
Building file: ../lwip/src/core/tcp.c
Invoking: MCU C Compiler
arm-none-eabi-gcc -D__REDLIB__ -DDEBUG -D__CODE_RED -D__USE_LPCOPEN -DCORE_M3 -I"/home/parichey/Documents/MCUXpresso_10.3.0_2200/workspace/lpc_chip_175x_6x/inc" -I"/home/parichey/Documents/MCUXpresso_10.3.0_2200/workspace/lpc_board_nxp_lpcxpresso_1769/inc" -I"/home/parichey/Documents/MCUXpresso_10.3.0_2200/workspace/lwip_tcpecho_freertos/example/inc" -I"/home/parichey/Documents/MCUXpresso_10.3.0_2200/workspace/lwip_tcpecho_freertos/lwip/inc" -I"/home/parichey/Documents/MCUXpresso_10.3.0_2200/workspace/lwip_tcpecho_freertos/lwip/inc/ipv4" -I"/home/parichey/Documents/MCUXpresso_10.3.0_2200/workspace/lwip_tcpecho_freertos/freertos/inc" -O0 -g3 -Wall -c -fmessage-length=0 -fno-builtin -ffunction-sections -fdata-sections -mcpu=cortex-m3 -mthumb -specs=redlib.specs -MMD -MP -MF"lwip/src/core/tcp.d" -MT"lwip/src/core/tcp.o" -MT"lwip/src/core/tcp.d" -o "lwip/src/core/tcp.o" "../lwip/src/core/tcp.c"
 
Building file: ../lwip/src/core/tcp_in.c
Invoking: MCU C Compiler
arm-none-eabi-gcc -D__REDLIB__ -DDEBUG -D__CODE_RED -D__USE_LPCOPEN -DCORE_M3 -I"/home/parichey/Documents/MCUXpresso_10.3.0_2200/workspace/lpc_chip_175x_6x/inc" -I"/home/parichey/Documents/MCUXpresso_10.3.0_2200/workspace/lpc_board_nxp_lpcxpresso_1769/inc" -I"/home/parichey/Documents/MCUXpresso_10.3.0_2200/workspace/lwip_tcpecho_freertos/example/inc" -I"/home/parichey/Documents/MCUXpresso_10.3.0_2200/workspace/lwip_tcpecho_freertos/lwip/inc" -I"/home/parichey/Documents/MCUXpresso_10.3.0_2200/workspace/lwip_tcpecho_freertos/lwip/inc/ipv4" -I"/home/parichey/Documents/MCUXpresso_10.3.0_2200/workspace/lwip_tcpecho_freertos/freertos/inc" -O0 -g3 -Wall -c -fmessage-length=0 -fno-builtin -ffunction-sections -fdata-sections -mcpu=cortex-m3 -mthumb -specs=redlib.specs -MMD -MP -MF"lwip/src/core/tcp_in.d" -MT"lwip/src/core/tcp_in.o" -MT"lwip/src/core/tcp_in.d" -o "lwip/src/core/tcp_in.o" "../lwip/src/core/tcp_in.c"
Finished building: ../lwip/src/core/tcp.c
 
Building file: ../lwip/src/core/tcp_out.c
Invoking: MCU C Compiler
arm-none-eabi-gcc -D__REDLIB__ -DDEBUG -D__CODE_RED -D__USE_LPCOPEN -DCORE_M3 -I"/home/parichey/Documents/MCUXpresso_10.3.0_2200/workspace/lpc_chip_175x_6x/inc" -I"/home/parichey/Documents/MCUXpresso_10.3.0_2200/workspace/lpc_board_nxp_lpcxpresso_1769/inc" -I"/home/parichey/Documents/MCUXpresso_10.3.0_2200/workspace/lwip_tcpecho_freertos/example/inc" -I"/home/parichey/Documents/MCUXpresso_10.3.0_2200/workspace/lwip_tcpecho_freertos/lwip/inc" -I"/home/parichey/Documents/MCUXpresso_10.3.0_2200/workspace/lwip_tcpecho_freertos/lwip/inc/ipv4" -I"/home/parichey/Documents/MCUXpresso_10.3.0_2200/workspace/lwip_tcpecho_freertos/freertos/inc" -O0 -g3 -Wall -c -fmessage-length=0 -fno-builtin -ffunction-sections -fdata-sections -mcpu=cortex-m3 -mthumb -specs=redlib.specs -MMD -MP -MF"lwip/src/core/tcp_out.d" -MT"lwip/src/core/tcp_out.o" -MT"lwip/src/core/tcp_out.d" -o "lwip/src/core/tcp_out.o" "../lwip/src/core/tcp_out.c"
Finished building: ../lwip/src/core/sys.c
 
Building file: ../lwip/src/core/timers.c
Invoking: MCU C Compiler
arm-none-eabi-gcc -D__REDLIB__ -DDEBUG -D__CODE_RED -D__USE_LPCOPEN -DCORE_M3 -I"/home/parichey/Documents/MCUXpresso_10.3.0_2200/workspace/lpc_chip_175x_6x/inc" -I"/home/parichey/Documents/MCUXpresso_10.3.0_2200/workspace/lpc_board_nxp_lpcxpresso_1769/inc" -I"/home/parichey/Documents/MCUXpresso_10.3.0_2200/workspace/lwip_tcpecho_freertos/example/inc" -I"/home/parichey/Documents/MCUXpresso_10.3.0_2200/workspace/lwip_tcpecho_freertos/lwip/inc" -I"/home/parichey/Documents/MCUXpresso_10.3.0_2200/workspace/lwip_tcpecho_freertos/lwip/inc/ipv4" -I"/home/parichey/Documents/MCUXpresso_10.3.0_2200/workspace/lwip_tcpecho_freertos/freertos/inc" -O0 -g3 -Wall -c -fmessage-length=0 -fno-builtin -ffunction-sections -fdata-sections -mcpu=cortex-m3 -mthumb -specs=redlib.specs -MMD -MP -MF"lwip/src/core/timers.d" -MT"lwip/src/core/timers.o" -MT"lwip/src/core/timers.d" -o "lwip/src/core/timers.o" "../lwip/src/core/timers.c"
Finished building: ../lwip/src/core/pbuf.c
 
Building file: ../lwip/src/core/udp.c
Invoking: MCU C Compiler
arm-none-eabi-gcc -D__REDLIB__ -DDEBUG -D__CODE_RED -D__USE_LPCOPEN -DCORE_M3 -I"/home/parichey/Documents/MCUXpresso_10.3.0_2200/workspace/lpc_chip_175x_6x/inc" -I"/home/parichey/Documents/MCUXpresso_10.3.0_2200/workspace/lpc_board_nxp_lpcxpresso_1769/inc" -I"/home/parichey/Documents/MCUXpresso_10.3.0_2200/workspace/lwip_tcpecho_freertos/example/inc" -I"/home/parichey/Documents/MCUXpresso_10.3.0_2200/workspace/lwip_tcpecho_freertos/lwip/inc" -I"/home/parichey/Documents/MCUXpresso_10.3.0_2200/workspace/lwip_tcpecho_freertos/lwip/inc/ipv4" -I"/home/parichey/Documents/MCUXpresso_10.3.0_2200/workspace/lwip_tcpecho_freertos/freertos/inc" -O0 -g3 -Wall -c -fmessage-length=0 -fno-builtin -ffunction-sections -fdata-sections -mcpu=cortex-m3 -mthumb -specs=redlib.specs -MMD -MP -MF"lwip/src/core/udp.d" -MT"lwip/src/core/udp.o" -MT"lwip/src/core/udp.d" -o "lwip/src/core/udp.o" "../lwip/src/core/udp.c"
Finished building: ../lwip/src/core/tcp_in.c
 
Building file: ../lwip/src/arch/lpc17xx_40xx_emac.c
Invoking: MCU C Compiler
arm-none-eabi-gcc -D__REDLIB__ -DDEBUG -D__CODE_RED -D__USE_LPCOPEN -DCORE_M3 -I"/home/parichey/Documents/MCUXpresso_10.3.0_2200/workspace/lpc_chip_175x_6x/inc" -I"/home/parichey/Documents/MCUXpresso_10.3.0_2200/workspace/lpc_board_nxp_lpcxpresso_1769/inc" -I"/home/parichey/Documents/MCUXpresso_10.3.0_2200/workspace/lwip_tcpecho_freertos/example/inc" -I"/home/parichey/Documents/MCUXpresso_10.3.0_2200/workspace/lwip_tcpecho_freertos/lwip/inc" -I"/home/parichey/Documents/MCUXpresso_10.3.0_2200/workspace/lwip_tcpecho_freertos/lwip/inc/ipv4" -I"/home/parichey/Documents/MCUXpresso_10.3.0_2200/workspace/lwip_tcpecho_freertos/freertos/inc" -O0 -g3 -Wall -c -fmessage-length=0 -fno-builtin -ffunction-sections -fdata-sections -mcpu=cortex-m3 -mthumb -specs=redlib.specs -MMD -MP -MF"lwip/src/arch/lpc17xx_40xx_emac.d" -MT"lwip/src/arch/lpc17xx_40xx_emac.o" -MT"lwip/src/arch/lpc17xx_40xx_emac.d" -o "lwip/src/arch/lpc17xx_40xx_emac.o" "../lwip/src/arch/lpc17xx_40xx_emac.c"
Finished building: ../lwip/src/core/tcp_out.c
 
Building file: ../lwip/src/arch/lpc_debug.c
Invoking: MCU C Compiler
arm-none-eabi-gcc -D__REDLIB__ -DDEBUG -D__CODE_RED -D__USE_LPCOPEN -DCORE_M3 -I"/home/parichey/Documents/MCUXpresso_10.3.0_2200/workspace/lpc_chip_175x_6x/inc" -I"/home/parichey/Documents/MCUXpresso_10.3.0_2200/workspace/lpc_board_nxp_lpcxpresso_1769/inc" -I"/home/parichey/Documents/MCUXpresso_10.3.0_2200/workspace/lwip_tcpecho_freertos/example/inc" -I"/home/parichey/Documents/MCUXpresso_10.3.0_2200/workspace/lwip_tcpecho_freertos/lwip/inc" -I"/home/parichey/Documents/MCUXpresso_10.3.0_2200/workspace/lwip_tcpecho_freertos/lwip/inc/ipv4" -I"/home/parichey/Documents/MCUXpresso_10.3.0_2200/workspace/lwip_tcpecho_freertos/freertos/inc" -O0 -g3 -Wall -c -fmessage-length=0 -fno-builtin -ffunction-sections -fdata-sections -mcpu=cortex-m3 -mthumb -specs=redlib.specs -MMD -MP -MF"lwip/src/arch/lpc_debug.d" -MT"lwip/src/arch/lpc_debug.o" -MT"lwip/src/arch/lpc_debug.d" -o "lwip/src/arch/lpc_debug.o" "../lwip/src/arch/lpc_debug.c"
Finished building: ../lwip/src/core/timers.c
Finished building: ../lwip/src/core/udp.c
 
 
Building file: ../lwip/src/arch/sys_arch_freertos.c
Building file: ../lwip/src/api/api_lib.c
Invoking: MCU C Compiler
arm-none-eabi-gcc -D__REDLIB__ -DDEBUG -D__CODE_RED -D__USE_LPCOPEN -DCORE_M3 -I"/home/parichey/Documents/MCUXpresso_10.3.0_2200/workspace/lpc_chip_175x_6x/inc" -I"/home/parichey/Documents/MCUXpresso_10.3.0_2200/workspace/lpc_board_nxp_lpcxpresso_1769/inc" -I"/home/parichey/Documents/MCUXpresso_10.3.0_2200/workspace/lwip_tcpecho_freertos/example/inc" -I"/home/parichey/Documents/MCUXpresso_10.3.0_2200/workspace/lwip_tcpecho_freertos/lwip/inc" -I"/home/parichey/Documents/MCUXpresso_10.3.0_2200/workspace/lwip_tcpecho_freertos/lwip/inc/ipv4" -I"/home/parichey/Documents/MCUXpresso_10.3.0_2200/workspace/lwip_tcpecho_freertos/freertos/inc" -O0 -g3 -Wall -c -fmessage-length=0 -fno-builtin -ffunction-sections -fdata-sections -mcpu=cortex-m3 -mthumb -specs=redlib.specs -MMD -MP -MF"lwip/src/api/api_lib.d" -MT"lwip/src/api/api_lib.o" -MT"lwip/src/api/api_lib.d" -o "lwip/src/api/api_lib.o" "../lwip/src/api/api_lib.c"
Invoking: MCU C Compiler
arm-none-eabi-gcc -D__REDLIB__ -DDEBUG -D__CODE_RED -D__USE_LPCOPEN -DCORE_M3 -I"/home/parichey/Documents/MCUXpresso_10.3.0_2200/workspace/lpc_chip_175x_6x/inc" -I"/home/parichey/Documents/MCUXpresso_10.3.0_2200/workspace/lpc_board_nxp_lpcxpresso_1769/inc" -I"/home/parichey/Documents/MCUXpresso_10.3.0_2200/workspace/lwip_tcpecho_freertos/example/inc" -I"/home/parichey/Documents/MCUXpresso_10.3.0_2200/workspace/lwip_tcpecho_freertos/lwip/inc" -I"/home/parichey/Documents/MCUXpresso_10.3.0_2200/workspace/lwip_tcpecho_freertos/lwip/inc/ipv4" -I"/home/parichey/Documents/MCUXpresso_10.3.0_2200/workspace/lwip_tcpecho_freertos/freertos/inc" -O0 -g3 -Wall -c -fmessage-length=0 -fno-builtin -ffunction-sections -fdata-sections -mcpu=cortex-m3 -mthumb -specs=redlib.specs -MMD -MP -MF"lwip/src/arch/sys_arch_freertos.d" -MT"lwip/src/arch/sys_arch_freertos.o" -MT"lwip/src/arch/sys_arch_freertos.d" -o "lwip/src/arch/sys_arch_freertos.o" "../lwip/src/arch/sys_arch_freertos.c"
Finished building: ../lwip/src/arch/lpc_debug.c
 
Building file: ../lwip/src/api/api_msg.c
Invoking: MCU C Compiler
arm-none-eabi-gcc -D__REDLIB__ -DDEBUG -D__CODE_RED -D__USE_LPCOPEN -DCORE_M3 -I"/home/parichey/Documents/MCUXpresso_10.3.0_2200/workspace/lpc_chip_175x_6x/inc" -I"/home/parichey/Documents/MCUXpresso_10.3.0_2200/workspace/lpc_board_nxp_lpcxpresso_1769/inc" -I"/home/parichey/Documents/MCUXpresso_10.3.0_2200/workspace/lwip_tcpecho_freertos/example/inc" -I"/home/parichey/Documents/MCUXpresso_10.3.0_2200/workspace/lwip_tcpecho_freertos/lwip/inc" -I"/home/parichey/Documents/MCUXpresso_10.3.0_2200/workspace/lwip_tcpecho_freertos/lwip/inc/ipv4" -I"/home/parichey/Documents/MCUXpresso_10.3.0_2200/workspace/lwip_tcpecho_freertos/freertos/inc" -O0 -g3 -Wall -c -fmessage-length=0 -fno-builtin -ffunction-sections -fdata-sections -mcpu=cortex-m3 -mthumb -specs=redlib.specs -MMD -MP -MF"lwip/src/api/api_msg.d" -MT"lwip/src/api/api_msg.o" -MT"lwip/src/api/api_msg.d" -o "lwip/src/api/api_msg.o" "../lwip/src/api/api_msg.c"
../lwip/src/arch/sys_arch_freertos.c: In function 'sys_mbox_free':
../lwip/src/arch/sys_arch_freertos.c:89:15: warning: variable 'ulMessagesWaiting' set but not used [-Wunused-but-set-variable]
 unsigned long ulMessagesWaiting;
               ^~~~~~~~~~~~~~~~~
Finished building: ../lwip/src/arch/lpc17xx_40xx_emac.c
 
Building file: ../lwip/src/api/err.c
Invoking: MCU C Compiler
arm-none-eabi-gcc -D__REDLIB__ -DDEBUG -D__CODE_RED -D__USE_LPCOPEN -DCORE_M3 -I"/home/parichey/Documents/MCUXpresso_10.3.0_2200/workspace/lpc_chip_175x_6x/inc" -I"/home/parichey/Documents/MCUXpresso_10.3.0_2200/workspace/lpc_board_nxp_lpcxpresso_1769/inc" -I"/home/parichey/Documents/MCUXpresso_10.3.0_2200/workspace/lwip_tcpecho_freertos/example/inc" -I"/home/parichey/Documents/MCUXpresso_10.3.0_2200/workspace/lwip_tcpecho_freertos/lwip/inc" -I"/home/parichey/Documents/MCUXpresso_10.3.0_2200/workspace/lwip_tcpecho_freertos/lwip/inc/ipv4" -I"/home/parichey/Documents/MCUXpresso_10.3.0_2200/workspace/lwip_tcpecho_freertos/freertos/inc" -O0 -g3 -Wall -c -fmessage-length=0 -fno-builtin -ffunction-sections -fdata-sections -mcpu=cortex-m3 -mthumb -specs=redlib.specs -MMD -MP -MF"lwip/src/api/err.d" -MT"lwip/src/api/err.o" -MT"lwip/src/api/err.d" -o "lwip/src/api/err.o" "../lwip/src/api/err.c"
Finished building: ../lwip/src/arch/sys_arch_freertos.c
 
Building file: ../lwip/src/api/netbuf.c
Finished building: ../lwip/src/api/err.c
Invoking: MCU C Compiler
arm-none-eabi-gcc -D__REDLIB__ -DDEBUG -D__CODE_RED -D__USE_LPCOPEN -DCORE_M3 -I"/home/parichey/Documents/MCUXpresso_10.3.0_2200/workspace/lpc_chip_175x_6x/inc" -I"/home/parichey/Documents/MCUXpresso_10.3.0_2200/workspace/lpc_board_nxp_lpcxpresso_1769/inc" -I"/home/parichey/Documents/MCUXpresso_10.3.0_2200/workspace/lwip_tcpecho_freertos/example/inc" -I"/home/parichey/Documents/MCUXpresso_10.3.0_2200/workspace/lwip_tcpecho_freertos/lwip/inc" -I"/home/parichey/Documents/MCUXpresso_10.3.0_2200/workspace/lwip_tcpecho_freertos/lwip/inc/ipv4" -I"/home/parichey/Documents/MCUXpresso_10.3.0_2200/workspace/lwip_tcpecho_freertos/freertos/inc" -O0 -g3 -Wall -c -fmessage-length=0 -fno-builtin -ffunction-sections -fdata-sections -mcpu=cortex-m3 -mthumb -specs=redlib.specs -MMD -MP -MF"lwip/src/api/netbuf.d" -MT"lwip/src/api/netbuf.o" -MT"lwip/src/api/netbuf.d" -o "lwip/src/api/netbuf.o" "../lwip/src/api/netbuf.c"
 
Building file: ../lwip/src/api/netdb.c
Invoking: MCU C Compiler
arm-none-eabi-gcc -D__REDLIB__ -DDEBUG -D__CODE_RED -D__USE_LPCOPEN -DCORE_M3 -I"/home/parichey/Documents/MCUXpresso_10.3.0_2200/workspace/lpc_chip_175x_6x/inc" -I"/home/parichey/Documents/MCUXpresso_10.3.0_2200/workspace/lpc_board_nxp_lpcxpresso_1769/inc" -I"/home/parichey/Documents/MCUXpresso_10.3.0_2200/workspace/lwip_tcpecho_freertos/example/inc" -I"/home/parichey/Documents/MCUXpresso_10.3.0_2200/workspace/lwip_tcpecho_freertos/lwip/inc" -I"/home/parichey/Documents/MCUXpresso_10.3.0_2200/workspace/lwip_tcpecho_freertos/lwip/inc/ipv4" -I"/home/parichey/Documents/MCUXpresso_10.3.0_2200/workspace/lwip_tcpecho_freertos/freertos/inc" -O0 -g3 -Wall -c -fmessage-length=0 -fno-builtin -ffunction-sections -fdata-sections -mcpu=cortex-m3 -mthumb -specs=redlib.specs -MMD -MP -MF"lwip/src/api/netdb.d" -MT"lwip/src/api/netdb.o" -MT"lwip/src/api/netdb.d" -o "lwip/src/api/netdb.o" "../lwip/src/api/netdb.c"
Finished building: ../lwip/src/api/api_msg.c
 
Finished building: ../lwip/src/api/api_lib.c
 
Building file: ../lwip/src/api/netifapi.c
Invoking: MCU C Compiler
arm-none-eabi-gcc -D__REDLIB__ -DDEBUG -D__CODE_RED -D__USE_LPCOPEN -DCORE_M3 -I"/home/parichey/Documents/MCUXpresso_10.3.0_2200/workspace/lpc_chip_175x_6x/inc" -I"/home/parichey/Documents/MCUXpresso_10.3.0_2200/workspace/lpc_board_nxp_lpcxpresso_1769/inc" -I"/home/parichey/Documents/MCUXpresso_10.3.0_2200/workspace/lwip_tcpecho_freertos/example/inc" -I"/home/parichey/Documents/MCUXpresso_10.3.0_2200/workspace/lwip_tcpecho_freertos/lwip/inc" -I"/home/parichey/Documents/MCUXpresso_10.3.0_2200/workspace/lwip_tcpecho_freertos/lwip/inc/ipv4" -I"/home/parichey/Documents/MCUXpresso_10.3.0_2200/workspace/lwip_tcpecho_freertos/freertos/inc" -O0 -g3 -Wall -c -fmessage-length=0 -fno-builtin -ffunction-sections -fdata-sections -mcpu=cortex-m3 -mthumb -specs=redlib.specs -MMD -MP -MF"lwip/src/api/netifapi.d" -MT"lwip/src/api/netifapi.o" -MT"lwip/src/api/netifapi.d" -o "lwip/src/api/netifapi.o" "../lwip/src/api/netifapi.c"
Building file: ../lwip/src/api/sockets.c
Invoking: MCU C Compiler
arm-none-eabi-gcc -D__REDLIB__ -DDEBUG -D__CODE_RED -D__USE_LPCOPEN -DCORE_M3 -I"/home/parichey/Documents/MCUXpresso_10.3.0_2200/workspace/lpc_chip_175x_6x/inc" -I"/home/parichey/Documents/MCUXpresso_10.3.0_2200/workspace/lpc_board_nxp_lpcxpresso_1769/inc" -I"/home/parichey/Documents/MCUXpresso_10.3.0_2200/workspace/lwip_tcpecho_freertos/example/inc" -I"/home/parichey/Documents/MCUXpresso_10.3.0_2200/workspace/lwip_tcpecho_freertos/lwip/inc" -I"/home/parichey/Documents/MCUXpresso_10.3.0_2200/workspace/lwip_tcpecho_freertos/lwip/inc/ipv4" -I"/home/parichey/Documents/MCUXpresso_10.3.0_2200/workspace/lwip_tcpecho_freertos/freertos/inc" -O0 -g3 -Wall -c -fmessage-length=0 -fno-builtin -ffunction-sections -fdata-sections -mcpu=cortex-m3 -mthumb -specs=redlib.specs -MMD -MP -MF"lwip/src/api/sockets.d" -MT"lwip/src/api/sockets.o" -MT"lwip/src/api/sockets.d" -o "lwip/src/api/sockets.o" "../lwip/src/api/sockets.c"
Finished building: ../lwip/src/api/netdb.c
 
Building file: ../lwip/src/api/tcpip.c
Invoking: MCU C Compiler
arm-none-eabi-gcc -D__REDLIB__ -DDEBUG -D__CODE_RED -D__USE_LPCOPEN -DCORE_M3 -I"/home/parichey/Documents/MCUXpresso_10.3.0_2200/workspace/lpc_chip_175x_6x/inc" -I"/home/parichey/Documents/MCUXpresso_10.3.0_2200/workspace/lpc_board_nxp_lpcxpresso_1769/inc" -I"/home/parichey/Documents/MCUXpresso_10.3.0_2200/workspace/lwip_tcpecho_freertos/example/inc" -I"/home/parichey/Documents/MCUXpresso_10.3.0_2200/workspace/lwip_tcpecho_freertos/lwip/inc" -I"/home/parichey/Documents/MCUXpresso_10.3.0_2200/workspace/lwip_tcpecho_freertos/lwip/inc/ipv4" -I"/home/parichey/Documents/MCUXpresso_10.3.0_2200/workspace/lwip_tcpecho_freertos/freertos/inc" -O0 -g3 -Wall -c -fmessage-length=0 -fno-builtin -ffunction-sections -fdata-sections -mcpu=cortex-m3 -mthumb -specs=redlib.specs -MMD -MP -MF"lwip/src/api/tcpip.d" -MT"lwip/src/api/tcpip.o" -MT"lwip/src/api/tcpip.d" -o "lwip/src/api/tcpip.o" "../lwip/src/api/tcpip.c"
Finished building: ../lwip/src/api/netbuf.c
Finished building: ../lwip/src/api/netifapi.c
 
 
Building file: ../freertos/src/heap_3.c
Invoking: MCU C Compiler
arm-none-eabi-gcc -D__REDLIB__ -DDEBUG -D__CODE_RED -D__USE_LPCOPEN -DCORE_M3 -I"/home/parichey/Documents/MCUXpresso_10.3.0_2200/workspace/lpc_chip_175x_6x/inc" -I"/home/parichey/Documents/MCUXpresso_10.3.0_2200/workspace/lpc_board_nxp_lpcxpresso_1769/inc" -I"/home/parichey/Documents/MCUXpresso_10.3.0_2200/workspace/lwip_tcpecho_freertos/example/inc" -I"/home/parichey/Documents/MCUXpresso_10.3.0_2200/workspace/lwip_tcpecho_freertos/lwip/inc" -I"/home/parichey/Documents/MCUXpresso_10.3.0_2200/workspace/lwip_tcpecho_freertos/lwip/inc/ipv4" -I"/home/parichey/Documents/MCUXpresso_10.3.0_2200/workspace/lwip_tcpecho_freertos/freertos/inc" -O0 -g3 -Wall -c -fmessage-length=0 -fno-builtin -ffunction-sections -fdata-sections -mcpu=cortex-m3 -mthumb -specs=redlib.specs -MMD -MP -MF"freertos/src/heap_3.d" -MT"freertos/src/heap_3.o" -MT"freertos/src/heap_3.d" -o "freertos/src/heap_3.o" "../freertos/src/heap_3.c"
Finished building: ../lwip/src/api/sockets.c
Building file: ../freertos/src/FreeRTOSCommonHooks.c
Invoking: MCU C Compiler
arm-none-eabi-gcc -D__REDLIB__ -DDEBUG -D__CODE_RED -D__USE_LPCOPEN -DCORE_M3 -I"/home/parichey/Documents/MCUXpresso_10.3.0_2200/workspace/lpc_chip_175x_6x/inc" -I"/home/parichey/Documents/MCUXpresso_10.3.0_2200/workspace/lpc_board_nxp_lpcxpresso_1769/inc" -I"/home/parichey/Documents/MCUXpresso_10.3.0_2200/workspace/lwip_tcpecho_freertos/example/inc" -I"/home/parichey/Documents/MCUXpresso_10.3.0_2200/workspace/lwip_tcpecho_freertos/lwip/inc" -I"/home/parichey/Documents/MCUXpresso_10.3.0_2200/workspace/lwip_tcpecho_freertos/lwip/inc/ipv4" -I"/home/parichey/Documents/MCUXpresso_10.3.0_2200/workspace/lwip_tcpecho_freertos/freertos/inc" -O0 -g3 -Wall -c -fmessage-length=0 -fno-builtin -ffunction-sections -fdata-sections -mcpu=cortex-m3 -mthumb -specs=redlib.specs -MMD -MP -MF"freertos/src/FreeRTOSCommonHooks.d" -MT"freertos/src/FreeRTOSCommonHooks.o" -MT"freertos/src/FreeRTOSCommonHooks.d" -o "freertos/src/FreeRTOSCommonHooks.o" "../freertos/src/FreeRTOSCommonHooks.c"
 
Building file: ../freertos/src/list.c
Invoking: MCU C Compiler
arm-none-eabi-gcc -D__REDLIB__ -DDEBUG -D__CODE_RED -D__USE_LPCOPEN -DCORE_M3 -I"/home/parichey/Documents/MCUXpresso_10.3.0_2200/workspace/lpc_chip_175x_6x/inc" -I"/home/parichey/Documents/MCUXpresso_10.3.0_2200/workspace/lpc_board_nxp_lpcxpresso_1769/inc" -I"/home/parichey/Documents/MCUXpresso_10.3.0_2200/workspace/lwip_tcpecho_freertos/example/inc" -I"/home/parichey/Documents/MCUXpresso_10.3.0_2200/workspace/lwip_tcpecho_freertos/lwip/inc" -I"/home/parichey/Documents/MCUXpresso_10.3.0_2200/workspace/lwip_tcpecho_freertos/lwip/inc/ipv4" -I"/home/parichey/Documents/MCUXpresso_10.3.0_2200/workspace/lwip_tcpecho_freertos/freertos/inc" -O0 -g3 -Wall -c -fmessage-length=0 -fno-builtin -ffunction-sections -fdata-sections -mcpu=cortex-m3 -mthumb -specs=redlib.specs -MMD -MP -MF"freertos/src/list.d" -MT"freertos/src/list.o" -MT"freertos/src/list.d" -o "freertos/src/list.o" "../freertos/src/list.c"
Finished building: ../freertos/src/heap_3.c
 
Building file: ../freertos/src/port.c
Invoking: MCU C Compiler
arm-none-eabi-gcc -D__REDLIB__ -DDEBUG -D__CODE_RED -D__USE_LPCOPEN -DCORE_M3 -I"/home/parichey/Documents/MCUXpresso_10.3.0_2200/workspace/lpc_chip_175x_6x/inc" -I"/home/parichey/Documents/MCUXpresso_10.3.0_2200/workspace/lpc_board_nxp_lpcxpresso_1769/inc" -I"/home/parichey/Documents/MCUXpresso_10.3.0_2200/workspace/lwip_tcpecho_freertos/example/inc" -I"/home/parichey/Documents/MCUXpresso_10.3.0_2200/workspace/lwip_tcpecho_freertos/lwip/inc" -I"/home/parichey/Documents/MCUXpresso_10.3.0_2200/workspace/lwip_tcpecho_freertos/lwip/inc/ipv4" -I"/home/parichey/Documents/MCUXpresso_10.3.0_2200/workspace/lwip_tcpecho_freertos/freertos/inc" -O0 -g3 -Wall -c -fmessage-length=0 -fno-builtin -ffunction-sections -fdata-sections -mcpu=cortex-m3 -mthumb -specs=redlib.specs -MMD -MP -MF"freertos/src/port.d" -MT"freertos/src/port.o" -MT"freertos/src/port.d" -o "freertos/src/port.o" "../freertos/src/port.c"
Finished building: ../freertos/src/list.c
 
Building file: ../freertos/src/queue.c
Finished building: ../lwip/src/api/tcpip.c
 
Invoking: MCU C Compiler
arm-none-eabi-gcc -D__REDLIB__ -DDEBUG -D__CODE_RED -D__USE_LPCOPEN -DCORE_M3 -I"/home/parichey/Documents/MCUXpresso_10.3.0_2200/workspace/lpc_chip_175x_6x/inc" -I"/home/parichey/Documents/MCUXpresso_10.3.0_2200/workspace/lpc_board_nxp_lpcxpresso_1769/inc" -I"/home/parichey/Documents/MCUXpresso_10.3.0_2200/workspace/lwip_tcpecho_freertos/example/inc" -I"/home/parichey/Documents/MCUXpresso_10.3.0_2200/workspace/lwip_tcpecho_freertos/lwip/inc" -I"/home/parichey/Documents/MCUXpresso_10.3.0_2200/workspace/lwip_tcpecho_freertos/lwip/inc/ipv4" -I"/home/parichey/Documents/MCUXpresso_10.3.0_2200/workspace/lwip_tcpecho_freertos/freertos/inc" -O0 -g3 -Wall -c -fmessage-length=0 -fno-builtin -ffunction-sections -fdata-sections -mcpu=cortex-m3 -mthumb -specs=redlib.specs -MMD -MP -MF"freertos/src/queue.d" -MT"freertos/src/queue.o" -MT"freertos/src/queue.d" -o "freertos/src/queue.o" "../freertos/src/queue.c"
Building file: ../freertos/src/tasks.c
Invoking: MCU C Compiler
arm-none-eabi-gcc -D__REDLIB__ -DDEBUG -D__CODE_RED -D__USE_LPCOPEN -DCORE_M3 -I"/home/parichey/Documents/MCUXpresso_10.3.0_2200/workspace/lpc_chip_175x_6x/inc" -I"/home/parichey/Documents/MCUXpresso_10.3.0_2200/workspace/lpc_board_nxp_lpcxpresso_1769/inc" -I"/home/parichey/Documents/MCUXpresso_10.3.0_2200/workspace/lwip_tcpecho_freertos/example/inc" -I"/home/parichey/Documents/MCUXpresso_10.3.0_2200/workspace/lwip_tcpecho_freertos/lwip/inc" -I"/home/parichey/Documents/MCUXpresso_10.3.0_2200/workspace/lwip_tcpecho_freertos/lwip/inc/ipv4" -I"/home/parichey/Documents/MCUXpresso_10.3.0_2200/workspace/lwip_tcpecho_freertos/freertos/inc" -O0 -g3 -Wall -c -fmessage-length=0 -fno-builtin -ffunction-sections -fdata-sections -mcpu=cortex-m3 -mthumb -specs=redlib.specs -MMD -MP -MF"freertos/src/tasks.d" -MT"freertos/src/tasks.o" -MT"freertos/src/tasks.d" -o "freertos/src/tasks.o" "../freertos/src/tasks.c"
Finished building: ../freertos/src/FreeRTOSCommonHooks.c
 
Building file: ../example/src/cr_redlib_heap_fix.c
Invoking: MCU C Compiler
arm-none-eabi-gcc -D__REDLIB__ -DDEBUG -D__CODE_RED -D__USE_LPCOPEN -DCORE_M3 -I"/home/parichey/Documents/MCUXpresso_10.3.0_2200/workspace/lpc_chip_175x_6x/inc" -I"/home/parichey/Documents/MCUXpresso_10.3.0_2200/workspace/lpc_board_nxp_lpcxpresso_1769/inc" -I"/home/parichey/Documents/MCUXpresso_10.3.0_2200/workspace/lwip_tcpecho_freertos/example/inc" -I"/home/parichey/Documents/MCUXpresso_10.3.0_2200/workspace/lwip_tcpecho_freertos/lwip/inc" -I"/home/parichey/Documents/MCUXpresso_10.3.0_2200/workspace/lwip_tcpecho_freertos/lwip/inc/ipv4" -I"/home/parichey/Documents/MCUXpresso_10.3.0_2200/workspace/lwip_tcpecho_freertos/freertos/inc" -O0 -g3 -Wall -c -fmessage-length=0 -fno-builtin -ffunction-sections -fdata-sections -mcpu=cortex-m3 -mthumb -specs=redlib.specs -MMD -MP -MF"example/src/cr_redlib_heap_fix.d" -MT"example/src/cr_redlib_heap_fix.o" -MT"example/src/cr_redlib_heap_fix.d" -o "example/src/cr_redlib_heap_fix.o" "../example/src/cr_redlib_heap_fix.c"
Finished building: ../example/src/cr_redlib_heap_fix.c
 
Building file: ../example/src/cr_startup_lpc175x_6x.c
Invoking: MCU C Compiler
arm-none-eabi-gcc -D__REDLIB__ -DDEBUG -D__CODE_RED -D__USE_LPCOPEN -DCORE_M3 -I"/home/parichey/Documents/MCUXpresso_10.3.0_2200/workspace/lpc_chip_175x_6x/inc" -I"/home/parichey/Documents/MCUXpresso_10.3.0_2200/workspace/lpc_board_nxp_lpcxpresso_1769/inc" -I"/home/parichey/Documents/MCUXpresso_10.3.0_2200/workspace/lwip_tcpecho_freertos/example/inc" -I"/home/parichey/Documents/MCUXpresso_10.3.0_2200/workspace/lwip_tcpecho_freertos/lwip/inc" -I"/home/parichey/Documents/MCUXpresso_10.3.0_2200/workspace/lwip_tcpecho_freertos/lwip/inc/ipv4" -I"/home/parichey/Documents/MCUXpresso_10.3.0_2200/workspace/lwip_tcpecho_freertos/freertos/inc" -O0 -g3 -Wall -c -fmessage-length=0 -fno-builtin -ffunction-sections -fdata-sections -mcpu=cortex-m3 -mthumb -specs=redlib.specs -MMD -MP -MF"example/src/cr_startup_lpc175x_6x.d" -MT"example/src/cr_startup_lpc175x_6x.o" -MT"example/src/cr_startup_lpc175x_6x.d" -o "example/src/cr_startup_lpc175x_6x.o" "../example/src/cr_startup_lpc175x_6x.c"
Finished building: ../freertos/src/port.c
 
Building file: ../example/src/lwip_tcpecho_freertos.c
Invoking: MCU C Compiler
arm-none-eabi-gcc -D__REDLIB__ -DDEBUG -D__CODE_RED -D__USE_LPCOPEN -DCORE_M3 -I"/home/parichey/Documents/MCUXpresso_10.3.0_2200/workspace/lpc_chip_175x_6x/inc" -I"/home/parichey/Documents/MCUXpresso_10.3.0_2200/workspace/lpc_board_nxp_lpcxpresso_1769/inc" -I"/home/parichey/Documents/MCUXpresso_10.3.0_2200/workspace/lwip_tcpecho_freertos/example/inc" -I"/home/parichey/Documents/MCUXpresso_10.3.0_2200/workspace/lwip_tcpecho_freertos/lwip/inc" -I"/home/parichey/Documents/MCUXpresso_10.3.0_2200/workspace/lwip_tcpecho_freertos/lwip/inc/ipv4" -I"/home/parichey/Documents/MCUXpresso_10.3.0_2200/workspace/lwip_tcpecho_freertos/freertos/inc" -O0 -g3 -Wall -c -fmessage-length=0 -fno-builtin -ffunction-sections -fdata-sections -mcpu=cortex-m3 -mthumb -specs=redlib.specs -MMD -MP -MF"example/src/lwip_tcpecho_freertos.d" -MT"example/src/lwip_tcpecho_freertos.o" -MT"example/src/lwip_tcpecho_freertos.d" -o "example/src/lwip_tcpecho_freertos.o" "../example/src/lwip_tcpecho_freertos.c"
Finished building: ../freertos/src/queue.c
 
Finished building: ../example/src/cr_startup_lpc175x_6x.c
Building file: ../example/src/sysinit.c
 
Invoking: MCU C Compiler
arm-none-eabi-gcc -D__REDLIB__ -DDEBUG -D__CODE_RED -D__USE_LPCOPEN -DCORE_M3 -I"/home/parichey/Documents/MCUXpresso_10.3.0_2200/workspace/lpc_chip_175x_6x/inc" -I"/home/parichey/Documents/MCUXpresso_10.3.0_2200/workspace/lpc_board_nxp_lpcxpresso_1769/inc" -I"/home/parichey/Documents/MCUXpresso_10.3.0_2200/workspace/lwip_tcpecho_freertos/example/inc" -I"/home/parichey/Documents/MCUXpresso_10.3.0_2200/workspace/lwip_tcpecho_freertos/lwip/inc" -I"/home/parichey/Documents/MCUXpresso_10.3.0_2200/workspace/lwip_tcpecho_freertos/lwip/inc/ipv4" -I"/home/parichey/Documents/MCUXpresso_10.3.0_2200/workspace/lwip_tcpecho_freertos/freertos/inc" -O0 -g3 -Wall -c -fmessage-length=0 -fno-builtin -ffunction-sections -fdata-sections -mcpu=cortex-m3 -mthumb -specs=redlib.specs -MMD -MP -MF"example/src/sysinit.d" -MT"example/src/sysinit.o" -MT"example/src/sysinit.d" -o "example/src/sysinit.o" "../example/src/sysinit.c"
Building file: ../example/src/tcpecho.c
Invoking: MCU C Compiler
arm-none-eabi-gcc -D__REDLIB__ -DDEBUG -D__CODE_RED -D__USE_LPCOPEN -DCORE_M3 -I"/home/parichey/Documents/MCUXpresso_10.3.0_2200/workspace/lpc_chip_175x_6x/inc" -I"/home/parichey/Documents/MCUXpresso_10.3.0_2200/workspace/lpc_board_nxp_lpcxpresso_1769/inc" -I"/home/parichey/Documents/MCUXpresso_10.3.0_2200/workspace/lwip_tcpecho_freertos/example/inc" -I"/home/parichey/Documents/MCUXpresso_10.3.0_2200/workspace/lwip_tcpecho_freertos/lwip/inc" -I"/home/parichey/Documents/MCUXpresso_10.3.0_2200/workspace/lwip_tcpecho_freertos/lwip/inc/ipv4" -I"/home/parichey/Documents/MCUXpresso_10.3.0_2200/workspace/lwip_tcpecho_freertos/freertos/inc" -O0 -g3 -Wall -c -fmessage-length=0 -fno-builtin -ffunction-sections -fdata-sections -mcpu=cortex-m3 -mthumb -specs=redlib.specs -MMD -MP -MF"example/src/tcpecho.d" -MT"example/src/tcpecho.o" -MT"example/src/tcpecho.d" -o "example/src/tcpecho.o" "../example/src/tcpecho.c"
../example/src/lwip_tcpecho_freertos.c:47:10: fatal error: arch\lpc17xx_40xx_emac.h: No such file or directory
 #include "arch\lpc17xx_40xx_emac.h"
          ^~~~~~~~~~~~~~~~~~~~~~~~~~
compilation terminated.
example/src/subdir.mk:30: recipe for target 'example/src/lwip_tcpecho_freertos.o' failed
make: *** [example/src/lwip_tcpecho_freertos.o] Error 1
make: *** Waiting for unfinished jobs....
Finished building: ../freertos/src/tasks.c
 
Finished building: ../example/src/tcpecho.c
 
Finished building: ../example/src/sysinit.c
 

17:59:56 Build Finished (took 2s.672ms)

