12:02:28 **** Incremental Build of configuration Debug for project pracitice1 ****
make -r -j4 all 
Building file: ../src/pracitice1.c
Building file: ../src/sysinit.c
Invoking: MCU C Compiler
arm-none-eabi-gcc -DDEBUG -D__CODE_RED -DCORE_M3 -D__USE_LPCOPEN -D__LPC17XX__ -D__REDLIB__ -I"/home/parichey/Documents/MCUXpresso_10.3.0_2200/workspace/lpc_board_nxp_lpcxpresso_1769/inc" -I"/home/parichey/Documents/MCUXpresso_10.3.0_2200/workspace/lpc_chip_175x_6x/inc" -O0 -fno-common -g3 -Wall -c -fmessage-length=0 -fno-builtin -ffunction-sections -fdata-sections -mcpu=cortex-m3 -mthumb -specs=redlib.specs -MMD -MP -MF"src/pracitice1.d" -MT"src/pracitice1.o" -MT"src/pracitice1.d" -o "src/pracitice1.o" "../src/pracitice1.c"
Invoking: MCU C Compiler
arm-none-eabi-gcc -DDEBUG -D__CODE_RED -DCORE_M3 -D__USE_LPCOPEN -D__LPC17XX__ -D__REDLIB__ -I"/home/parichey/Documents/MCUXpresso_10.3.0_2200/workspace/lpc_board_nxp_lpcxpresso_1769/inc" -I"/home/parichey/Documents/MCUXpresso_10.3.0_2200/workspace/lpc_chip_175x_6x/inc" -O0 -fno-common -g3 -Wall -c -fmessage-length=0 -fno-builtin -ffunction-sections -fdata-sections -mcpu=cortex-m3 -mthumb -specs=redlib.specs -MMD -MP -MF"src/sysinit.d" -MT"src/sysinit.o" -MT"src/sysinit.d" -o "src/sysinit.o" "../src/sysinit.c"
In file included from ../src/pracitice1.c:15:0:
/home/parichey/Documents/MCUXpresso_10.3.0_2200/workspace/lpc_board_nxp_lpcxpresso_1769/inc/board.h: In function 'Board_LED_Init':
/home/parichey/Documents/MCUXpresso_10.3.0_2200/workspace/lpc_board_nxp_lpcxpresso_1769/inc/board.h:100:54: error: 'LED0_GPIO_BIT_NUM' undeclared (first use in this function); did you mean 'LED0_GPIO_PORT_NUM'?
  Chip_GPIO_WriteDirBit(LPC_GPIO, LED0_GPIO_PORT_NUM, LED0_GPIO_BIT_NUM, true);
                                                      ^~~~~~~~~~~~~~~~~
                                                      LED0_GPIO_PORT_NUM
/home/parichey/Documents/MCUXpresso_10.3.0_2200/workspace/lpc_board_nxp_lpcxpresso_1769/inc/board.h:100:54: note: each undeclared identifier is reported only once for each function it appears in
src/subdir.mk:27: recipe for target 'src/sysinit.o' failed
In file included from ../src/sysinit.c:35:0:
/home/parichey/Documents/MCUXpresso_10.3.0_2200/workspace/lpc_board_nxp_lpcxpresso_1769/inc/board.h: In function 'Board_LED_Init':
/home/parichey/Documents/MCUXpresso_10.3.0_2200/workspace/lpc_board_nxp_lpcxpresso_1769/inc/board.h:100:54: error: 'LED0_GPIO_BIT_NUM' undeclared (first use in this function); did you mean 'LED0_GPIO_PORT_NUM'?
src/subdir.mk:27: recipe for target 'src/pracitice1.o' failed
  Chip_GPIO_WriteDirBit(LPC_GPIO, LED0_GPIO_PORT_NUM, LED0_GPIO_BIT_NUM, true);
                                                      ^~~~~~~~~~~~~~~~~
                                                      LED0_GPIO_PORT_NUM
/home/parichey/Documents/MCUXpresso_10.3.0_2200/workspace/lpc_board_nxp_lpcxpresso_1769/inc/board.h:100:54: note: each undeclared identifier is reported only once for each function it appears in
At top level:
/home/parichey/Documents/MCUXpresso_10.3.0_2200/workspace/lpc_board_nxp_lpcxpresso_1769/inc/board.h:96:13: warning: 'Board_LED_Init' defined but not used [-Wunused-function]
 static void Board_LED_Init(void)
             ^~~~~~~~~~~~~~
At top level:
/home/parichey/Documents/MCUXpresso_10.3.0_2200/workspace/lpc_board_nxp_lpcxpresso_1769/inc/board.h:96:13: warning: 'Board_LED_Init' defined but not used [-Wunused-function]
 static void Board_LED_Init(void)
             ^~~~~~~~~~~~~~
make: *** [src/sysinit.o] Error 1
make: *** Waiting for unfinished jobs....
make: *** [src/pracitice1.o] Error 1

12:02:28 Build Finished (took 230ms)

